2025-11-29 19:44:16,219 - INFO - 开始比较被试 sub-NDARINV00HEV6HB 的功能连接矩阵
2025-11-29 19:44:16,219 - INFO - 对比版本目录: d:\code\WM_prediction\data\ABCD\fc_matrix\constrast\sub-NDARINV00HEV6HB
2025-11-29 19:44:16,219 - INFO - 个体版本目录: d:\code\WM_prediction\data\ABCD\fc_matrix\individual\sub-NDARINV00HEV6HB
2025-11-29 19:44:16,220 - INFO - 
找到 3 个对比版本矩阵文件
2025-11-29 19:44:16,220 - INFO - 找到 3 个个w版本矩阵文件
2025-11-29 19:44:16,221 - INFO - 找到最佳匹配: NDARINV00HEV6HB_GM_FC.npy vs sub-NDARINV00HEV6HB_GG_FC.npy
2025-11-29 19:44:16,221 - INFO - 找到最佳匹配: NDARINV00HEV6HB_WM_FC.npy vs sub-NDARINV00HEV6HB_WW_FC.npy
2025-11-29 19:44:16,222 - INFO - 找到最佳匹配: NDARINV00HEV6HB_GM_WM_FC.npy vs sub-NDARINV00HEV6HB_GW_FC.npy
2025-11-29 19:44:16,222 - INFO - 
找到 3 对匹配的矩阵文件
2025-11-29 19:44:16,222 - INFO - 
处理矩阵对: GM vs GG
2025-11-29 19:44:16,222 - INFO - 
============================================================
2025-11-29 19:44:16,222 - INFO - 比较: NDARINV00HEV6HB_GM_FC.npy vs sub-NDARINV00HEV6HB_GG_FC.npy
2025-11-29 19:44:16,222 - INFO - 矩阵1形状: (100, 100)
2025-11-29 19:44:16,222 - INFO - 矩阵2形状: (100, 100)
2025-11-29 19:44:16,223 - INFO - 结果: 矩阵不同
2025-11-29 19:44:16,223 - INFO - Pearson相关性: 1.000000
2025-11-29 19:44:16,223 - INFO - 平均绝对误差: 0.000000
2025-11-29 19:44:16,223 - INFO - 最大差异: 0.000000
2025-11-29 19:44:16,223 - INFO - 相对误差: 0.00%
2025-11-29 19:44:16,223 - INFO - 
处理矩阵对: WM vs WW
2025-11-29 19:44:16,223 - INFO - 
============================================================
2025-11-29 19:44:16,223 - INFO - 比较: NDARINV00HEV6HB_WM_FC.npy vs sub-NDARINV00HEV6HB_WW_FC.npy
2025-11-29 19:44:16,223 - INFO - 矩阵1形状: (68, 68)
2025-11-29 19:44:16,224 - INFO - 矩阵2形状: (68, 68)
2025-11-29 19:44:16,224 - INFO - 结果: 矩阵不同
2025-11-29 19:44:16,224 - INFO - Pearson相关性: 1.000000
2025-11-29 19:44:16,224 - INFO - 平均绝对误差: 0.000000
2025-11-29 19:44:16,224 - INFO - 最大差异: 0.000000
2025-11-29 19:44:16,224 - INFO - 相对误差: 0.00%
2025-11-29 19:44:16,224 - INFO - 
处理矩阵对: GM_WM vs GW
2025-11-29 19:44:16,224 - INFO - 
============================================================
2025-11-29 19:44:16,224 - INFO - 比较: NDARINV00HEV6HB_GM_WM_FC.npy vs sub-NDARINV00HEV6HB_GW_FC.npy
2025-11-29 19:44:16,224 - INFO - 矩阵1形状: (100, 68)
2025-11-29 19:44:16,224 - INFO - 矩阵2形状: (100, 68)
2025-11-29 19:44:16,224 - INFO - 结果: 矩阵不同
2025-11-29 19:44:16,226 - INFO - Pearson相关性: 1.000000
2025-11-29 19:44:16,226 - INFO - 平均绝对误差: 0.000000
2025-11-29 19:44:16,226 - INFO - 最大差异: 0.000000
2025-11-29 19:44:16,226 - INFO - 相对误差: 0.00%
2025-11-29 19:44:16,226 - INFO - 
============================================================
2025-11-29 19:44:16,226 - INFO - 总结报告
2025-11-29 19:44:16,226 - INFO - ============================================================
2025-11-29 19:44:16,226 - INFO - 
GM_vs_GG:
2025-11-29 19:44:16,226 - INFO -   不同
2025-11-29 19:44:16,226 - INFO -   相关性: 1.000000
2025-11-29 19:44:16,226 - INFO -   平均绝对误差: 0.000000
2025-11-29 19:44:16,226 - INFO -   最大差异: 0.000000
2025-11-29 19:44:16,226 - INFO - 
WM_vs_WW:
2025-11-29 19:44:16,226 - INFO -   不同
2025-11-29 19:44:16,226 - INFO -   相关性: 1.000000
2025-11-29 19:44:16,226 - INFO -   平均绝对误差: 0.000000
2025-11-29 19:44:16,227 - INFO -   最大差异: 0.000000
2025-11-29 19:44:16,227 - INFO - 
GM_WM_vs_GW:
2025-11-29 19:44:16,227 - INFO -   不同
2025-11-29 19:44:16,227 - INFO -   相关性: 1.000000
2025-11-29 19:44:16,227 - INFO -   平均绝对误差: 0.000000
2025-11-29 19:44:16,227 - INFO -   最大差异: 0.000000
2025-11-29 19:45:52,690 - INFO - 开始比较被试 sub-NDARINV00HEV6HB 的功能连接矩阵
2025-11-29 19:45:52,690 - INFO - 对比版本目录: d:\code\WM_prediction\data\ABCD\fc_matrix\constrast\sub-NDARINV00HEV6HB
2025-11-29 19:45:52,690 - INFO - 个体版本目录: d:\code\WM_prediction\data\ABCD\fc_matrix\individual\sub-NDARINV00HEV6HB
2025-11-29 19:45:52,691 - INFO - 
找到 3 个对比版本矩阵文件
2025-11-29 19:45:52,691 - INFO - 找到 3 个个w版本矩阵文件
2025-11-29 19:45:52,691 - INFO - 找到最佳匹配: NDARINV00HEV6HB_GM_FC.npy vs sub-NDARINV00HEV6HB_GG_FC.npy
2025-11-29 19:45:52,692 - INFO - 找到最佳匹配: NDARINV00HEV6HB_WM_FC.npy vs sub-NDARINV00HEV6HB_WW_FC.npy
2025-11-29 19:45:52,692 - INFO - 找到最佳匹配: NDARINV00HEV6HB_GM_WM_FC.npy vs sub-NDARINV00HEV6HB_GW_FC.npy
2025-11-29 19:45:52,692 - INFO - 
找到 3 对匹配的矩阵文件
2025-11-29 19:45:52,692 - INFO - 
处理矩阵对: GM vs GG
2025-11-29 19:45:52,693 - INFO - 
============================================================
2025-11-29 19:45:52,693 - INFO - 比较: NDARINV00HEV6HB_GM_FC.npy vs sub-NDARINV00HEV6HB_GG_FC.npy
2025-11-29 19:45:52,693 - INFO - 矩阵1形状: (100, 100)
2025-11-29 19:45:52,693 - INFO - 矩阵2形状: (100, 100)
2025-11-29 19:45:52,693 - INFO - 结果: 矩阵不同
2025-11-29 19:45:52,694 - INFO - Pearson相关性: 1.000000
2025-11-29 19:45:52,694 - INFO - 平均绝对误差: 0.000000
2025-11-29 19:45:52,694 - INFO - 最大差异: 0.000000
2025-11-29 19:45:52,694 - INFO - 相对误差: 0.00%
2025-11-29 19:45:52,694 - INFO - 
处理矩阵对: WM vs WW
2025-11-29 19:45:52,694 - INFO - 
============================================================
2025-11-29 19:45:52,694 - INFO - 比较: NDARINV00HEV6HB_WM_FC.npy vs sub-NDARINV00HEV6HB_WW_FC.npy
2025-11-29 19:45:52,694 - INFO - 矩阵1形状: (68, 68)
2025-11-29 19:45:52,694 - INFO - 矩阵2形状: (68, 68)
2025-11-29 19:45:52,694 - INFO - 结果: 矩阵不同
2025-11-29 19:45:52,695 - INFO - Pearson相关性: 1.000000
2025-11-29 19:45:52,695 - INFO - 平均绝对误差: 0.000000
2025-11-29 19:45:52,695 - INFO - 最大差异: 0.000000
2025-11-29 19:45:52,695 - INFO - 相对误差: 0.00%
2025-11-29 19:45:52,695 - INFO - 
处理矩阵对: GM_WM vs GW
2025-11-29 19:45:52,695 - INFO - 
============================================================
2025-11-29 19:45:52,695 - INFO - 比较: NDARINV00HEV6HB_GM_WM_FC.npy vs sub-NDARINV00HEV6HB_GW_FC.npy
2025-11-29 19:45:52,695 - INFO - 矩阵1形状: (100, 68)
2025-11-29 19:45:52,695 - INFO - 矩阵2形状: (100, 68)
2025-11-29 19:45:52,696 - INFO - 结果: 矩阵不同
2025-11-29 19:45:52,696 - INFO - Pearson相关性: 1.000000
2025-11-29 19:45:52,696 - INFO - 平均绝对误差: 0.000000
2025-11-29 19:45:52,696 - INFO - 最大差异: 0.000000
2025-11-29 19:45:52,696 - INFO - 相对误差: 0.00%
2025-11-29 19:45:52,696 - INFO - 
============================================================
2025-11-29 19:45:52,696 - INFO - 总结报告
2025-11-29 19:45:52,696 - INFO - ============================================================
2025-11-29 19:45:52,697 - INFO - 
GM_vs_GG:
2025-11-29 19:45:52,697 - INFO -   不同
2025-11-29 19:45:52,697 - INFO -   相关性: 1.000000
2025-11-29 19:45:52,697 - INFO -   平均绝对误差: 0.000000
2025-11-29 19:45:52,697 - INFO -   最大差异: 0.000000
2025-11-29 19:45:52,697 - INFO - 
WM_vs_WW:
2025-11-29 19:45:52,697 - INFO -   不同
2025-11-29 19:45:52,697 - INFO -   相关性: 1.000000
2025-11-29 19:45:52,697 - INFO -   平均绝对误差: 0.000000
2025-11-29 19:45:52,697 - INFO -   最大差异: 0.000000
2025-11-29 19:45:52,697 - INFO - 
GM_WM_vs_GW:
2025-11-29 19:45:52,697 - INFO -   不同
2025-11-29 19:45:52,697 - INFO -   相关性: 1.000000
2025-11-29 19:45:52,697 - INFO -   平均绝对误差: 0.000000
2025-11-29 19:45:52,697 - INFO -   最大差异: 0.000000
2025-11-29 19:46:41,069 - INFO - 开始比较被试 sub-NDARINV00HEV6HB 的功能连接矩阵
2025-11-29 19:46:41,069 - INFO - 对比版本目录: d:\code\WM_prediction\data\ABCD\fc_matrix\constrast\sub-NDARINV00HEV6HB
2025-11-29 19:46:41,069 - INFO - 个体版本目录: d:\code\WM_prediction\data\ABCD\fc_matrix\individual\sub-NDARINV00HEV6HB
2025-11-29 19:46:41,069 - INFO - 
找到 3 个对比版本矩阵文件
2025-11-29 19:46:41,069 - INFO - 找到 3 个个w版本矩阵文件
2025-11-29 19:46:41,070 - INFO - 找到最佳匹配: NDARINV00HEV6HB_GM_FC.npy vs sub-NDARINV00HEV6HB_GG_FC.npy
2025-11-29 19:46:41,071 - INFO - 找到最佳匹配: NDARINV00HEV6HB_WM_FC.npy vs sub-NDARINV00HEV6HB_WW_FC.npy
2025-11-29 19:46:41,071 - INFO - 找到最佳匹配: NDARINV00HEV6HB_GM_WM_FC.npy vs sub-NDARINV00HEV6HB_GW_FC.npy
2025-11-29 19:46:41,071 - INFO - 
找到 3 对匹配的矩阵文件
2025-11-29 19:46:41,071 - INFO - 
处理矩阵对: GM vs GG
2025-11-29 19:46:41,071 - INFO - 
============================================================
2025-11-29 19:46:41,071 - INFO - 比较: NDARINV00HEV6HB_GM_FC.npy vs sub-NDARINV00HEV6HB_GG_FC.npy
2025-11-29 19:46:41,071 - INFO - 矩阵1形状: (100, 100)
2025-11-29 19:46:41,072 - INFO - 矩阵2形状: (100, 100)
2025-11-29 19:46:41,072 - INFO - 调试信息: 最大差异 = 1.27e-07, 平均差异 = 1.98e-08, 非零差异点数 = 9938
2025-11-29 19:46:41,072 - INFO - 结果: 矩阵不同
2025-11-29 19:46:41,072 - INFO - Pearson相关性: 1.000000
2025-11-29 19:46:41,072 - INFO - 平均绝对误差: 0.000000
2025-11-29 19:46:41,072 - INFO - 最大差异: 0.000000
2025-11-29 19:46:41,072 - INFO - 相对误差: 0.00%
2025-11-29 19:46:41,073 - INFO - 
处理矩阵对: WM vs WW
2025-11-29 19:46:41,073 - INFO - 
============================================================
2025-11-29 19:46:41,073 - INFO - 比较: NDARINV00HEV6HB_WM_FC.npy vs sub-NDARINV00HEV6HB_WW_FC.npy
2025-11-29 19:46:41,073 - INFO - 矩阵1形状: (68, 68)
2025-11-29 19:46:41,073 - INFO - 矩阵2形状: (68, 68)
2025-11-29 19:46:41,073 - INFO - 调试信息: 最大差异 = 9.79e-08, 平均差异 = 1.61e-08, 非零差异点数 = 4582
2025-11-29 19:46:41,073 - INFO - 结果: 矩阵不同
2025-11-29 19:46:41,074 - INFO - Pearson相关性: 1.000000
2025-11-29 19:46:41,074 - INFO - 平均绝对误差: 0.000000
2025-11-29 19:46:41,074 - INFO - 最大差异: 0.000000
2025-11-29 19:46:41,074 - INFO - 相对误差: 0.00%
2025-11-29 19:46:41,074 - INFO - 
处理矩阵对: GM_WM vs GW
2025-11-29 19:46:41,074 - INFO - 
============================================================
2025-11-29 19:46:41,074 - INFO - 比较: NDARINV00HEV6HB_GM_WM_FC.npy vs sub-NDARINV00HEV6HB_GW_FC.npy
2025-11-29 19:46:41,074 - INFO - 矩阵1形状: (100, 68)
2025-11-29 19:46:41,074 - INFO - 矩阵2形状: (100, 68)
2025-11-29 19:46:41,075 - INFO - 调试信息: 最大差异 = 1.34e-07, 平均差异 = 1.85e-08, 非零差异点数 = 6800
2025-11-29 19:46:41,075 - INFO - 结果: 矩阵不同
2025-11-29 19:46:41,075 - INFO - Pearson相关性: 1.000000
2025-11-29 19:46:41,075 - INFO - 平均绝对误差: 0.000000
2025-11-29 19:46:41,075 - INFO - 最大差异: 0.000000
2025-11-29 19:46:41,075 - INFO - 相对误差: 0.00%
2025-11-29 19:46:41,075 - INFO - 
============================================================
2025-11-29 19:46:41,076 - INFO - 总结报告
2025-11-29 19:46:41,076 - INFO - ============================================================
2025-11-29 19:46:41,076 - INFO - 
GM_vs_GG:
2025-11-29 19:46:41,076 - INFO -   不同
2025-11-29 19:46:41,076 - INFO -   相关性: 1.000000
2025-11-29 19:46:41,076 - INFO -   平均绝对误差: 0.000000
2025-11-29 19:46:41,076 - INFO -   最大差异: 0.000000
2025-11-29 19:46:41,076 - INFO - 
WM_vs_WW:
2025-11-29 19:46:41,076 - INFO -   不同
2025-11-29 19:46:41,076 - INFO -   相关性: 1.000000
2025-11-29 19:46:41,076 - INFO -   平均绝对误差: 0.000000
2025-11-29 19:46:41,076 - INFO -   最大差异: 0.000000
2025-11-29 19:46:41,076 - INFO - 
GM_WM_vs_GW:
2025-11-29 19:46:41,076 - INFO -   不同
2025-11-29 19:46:41,077 - INFO -   相关性: 1.000000
2025-11-29 19:46:41,077 - INFO -   平均绝对误差: 0.000000
2025-11-29 19:46:41,077 - INFO -   最大差异: 0.000000
2025-11-29 19:47:40,551 - INFO - 开始比较被试 sub-NDARINV00HEV6HB 的功能连接矩阵
2025-11-29 19:47:40,551 - INFO - 对比版本目录: d:\code\WM_prediction\data\ABCD\fc_matrix\constrast\sub-NDARINV00HEV6HB
2025-11-29 19:47:40,551 - INFO - 个体版本目录: d:\code\WM_prediction\data\ABCD\fc_matrix\individual\sub-NDARINV00HEV6HB
2025-11-29 19:47:40,552 - INFO - 
找到 3 个对比版本矩阵文件
2025-11-29 19:47:40,552 - INFO - 找到 3 个个w版本矩阵文件
2025-11-29 19:47:40,552 - INFO - 找到最佳匹配: NDARINV00HEV6HB_GM_FC.npy vs sub-NDARINV00HEV6HB_GG_FC.npy
2025-11-29 19:47:40,553 - INFO - 找到最佳匹配: NDARINV00HEV6HB_WM_FC.npy vs sub-NDARINV00HEV6HB_WW_FC.npy
2025-11-29 19:47:40,553 - INFO - 找到最佳匹配: NDARINV00HEV6HB_GM_WM_FC.npy vs sub-NDARINV00HEV6HB_GW_FC.npy
2025-11-29 19:47:40,553 - INFO - 
找到 3 对匹配的矩阵文件
2025-11-29 19:47:40,554 - INFO - 
处理矩阵对: GM vs GG
2025-11-29 19:47:40,554 - INFO - 
============================================================
2025-11-29 19:47:40,554 - INFO - 比较: NDARINV00HEV6HB_GM_FC.npy vs sub-NDARINV00HEV6HB_GG_FC.npy
2025-11-29 19:47:40,554 - INFO - 矩阵1形状: (100, 100)
2025-11-29 19:47:40,554 - INFO - 矩阵2形状: (100, 100)
2025-11-29 19:47:40,555 - INFO - 差异统计: 最大差异 = 1.27e-07, 平均差异 = 1.98e-08, 非零差异点数 = 9938
2025-11-29 19:47:40,555 - INFO - 结果: 矩阵在容差 1e-06 下完全相同！
2025-11-29 19:47:40,555 - INFO - 
处理矩阵对: WM vs WW
2025-11-29 19:47:40,555 - INFO - 
============================================================
2025-11-29 19:47:40,555 - INFO - 比较: NDARINV00HEV6HB_WM_FC.npy vs sub-NDARINV00HEV6HB_WW_FC.npy
2025-11-29 19:47:40,556 - INFO - 矩阵1形状: (68, 68)
2025-11-29 19:47:40,556 - INFO - 矩阵2形状: (68, 68)
2025-11-29 19:47:40,556 - INFO - 差异统计: 最大差异 = 9.79e-08, 平均差异 = 1.61e-08, 非零差异点数 = 4582
2025-11-29 19:47:40,556 - INFO - 结果: 矩阵在容差 1e-06 下完全相同！
2025-11-29 19:47:40,556 - INFO - 
处理矩阵对: GM_WM vs GW
2025-11-29 19:47:40,556 - INFO - 
============================================================
2025-11-29 19:47:40,557 - INFO - 比较: NDARINV00HEV6HB_GM_WM_FC.npy vs sub-NDARINV00HEV6HB_GW_FC.npy
2025-11-29 19:47:40,557 - INFO - 矩阵1形状: (100, 68)
2025-11-29 19:47:40,557 - INFO - 矩阵2形状: (100, 68)
2025-11-29 19:47:40,557 - INFO - 差异统计: 最大差异 = 1.34e-07, 平均差异 = 1.85e-08, 非零差异点数 = 6800
2025-11-29 19:47:40,557 - INFO - 结果: 矩阵在容差 1e-06 下完全相同！
2025-11-29 19:47:40,557 - INFO - 
============================================================
2025-11-29 19:47:40,557 - INFO - 总结报告
2025-11-29 19:47:40,557 - INFO - ============================================================
2025-11-29 19:47:40,557 - INFO - 
GM_vs_GG:
2025-11-29 19:47:40,558 - INFO -   完全相同
2025-11-29 19:47:40,558 - INFO - 
WM_vs_WW:
2025-11-29 19:47:40,558 - INFO -   完全相同
2025-11-29 19:47:40,558 - INFO - 
GM_WM_vs_GW:
2025-11-29 19:47:40,558 - INFO -   完全相同
2025-11-29 19:48:32,294 - INFO - 开始比较被试 sub-NDARINV00HEV6HB 的功能连接矩阵
2025-11-29 19:48:32,294 - INFO - 对比版本目录: d:\code\WM_prediction\data\ABCD\fc_matrix\constrast\sub-NDARINV00HEV6HB
2025-11-29 19:48:32,294 - INFO - 个体版本目录: d:\code\WM_prediction\data\ABCD\fc_matrix\individual\sub-NDARINV00HEV6HB
2025-11-29 19:48:32,295 - INFO - 
找到 3 个对比版本矩阵文件
2025-11-29 19:48:32,295 - INFO - 找到 3 个个w版本矩阵文件
2025-11-29 19:48:32,295 - INFO - 找到最佳匹配: NDARINV00HEV6HB_GM_FC.npy vs sub-NDARINV00HEV6HB_GG_FC.npy
2025-11-29 19:48:32,296 - INFO - 找到最佳匹配: NDARINV00HEV6HB_WM_FC.npy vs sub-NDARINV00HEV6HB_WW_FC.npy
2025-11-29 19:48:32,296 - INFO - 找到最佳匹配: NDARINV00HEV6HB_GM_WM_FC.npy vs sub-NDARINV00HEV6HB_GW_FC.npy
2025-11-29 19:48:32,296 - INFO - 
找到 3 对匹配的矩阵文件
2025-11-29 19:48:32,296 - INFO - 
处理矩阵对: GM vs GG
2025-11-29 19:48:32,297 - INFO - 
============================================================
2025-11-29 19:48:32,297 - INFO - 比较: NDARINV00HEV6HB_GM_FC.npy vs sub-NDARINV00HEV6HB_GG_FC.npy
2025-11-29 19:48:32,297 - INFO - 矩阵1形状: (100, 100)
2025-11-29 19:48:32,297 - INFO - 矩阵2形状: (100, 100)
2025-11-29 19:48:32,297 - INFO - 结果: 矩阵在容差 1e-06 下完全相同！
2025-11-29 19:48:32,297 - INFO - 
处理矩阵对: WM vs WW
2025-11-29 19:48:32,297 - INFO - 
============================================================
2025-11-29 19:48:32,297 - INFO - 比较: NDARINV00HEV6HB_WM_FC.npy vs sub-NDARINV00HEV6HB_WW_FC.npy
2025-11-29 19:48:32,297 - INFO - 矩阵1形状: (68, 68)
2025-11-29 19:48:32,297 - INFO - 矩阵2形状: (68, 68)
2025-11-29 19:48:32,299 - INFO - 结果: 矩阵在容差 1e-06 下完全相同！
2025-11-29 19:48:32,299 - INFO - 
处理矩阵对: GM_WM vs GW
2025-11-29 19:48:32,299 - INFO - 
============================================================
2025-11-29 19:48:32,299 - INFO - 比较: NDARINV00HEV6HB_GM_WM_FC.npy vs sub-NDARINV00HEV6HB_GW_FC.npy
2025-11-29 19:48:32,299 - INFO - 矩阵1形状: (100, 68)
2025-11-29 19:48:32,299 - INFO - 矩阵2形状: (100, 68)
2025-11-29 19:48:32,299 - INFO - 结果: 矩阵在容差 1e-06 下完全相同！
2025-11-29 19:48:32,300 - INFO - 
============================================================
2025-11-29 19:48:32,300 - INFO - 总结报告
2025-11-29 19:48:32,300 - INFO - ============================================================
2025-11-29 19:48:32,300 - INFO - 
GM_vs_GG:
2025-11-29 19:48:32,300 - INFO -   完全相同
2025-11-29 19:48:32,300 - INFO - 
WM_vs_WW:
2025-11-29 19:48:32,300 - INFO -   完全相同
2025-11-29 19:48:32,300 - INFO - 
GM_WM_vs_GW:
2025-11-29 19:48:32,300 - INFO -   完全相同
